<?xml version="1.0" encoding="UTF-8"?>
<testng-results ignored="0" total="1" passed="1" failed="0" skipped="0">
  <reporter-output>
  </reporter-output>
  <suite started-at="2025-06-25T15:59:37 IST" name="Default suite" finished-at="2025-06-25T16:00:32 IST" duration-ms="55684">
    <groups>
    </groups>
    <test started-at="2025-06-25T15:59:37 IST" name="Default test" finished-at="2025-06-25T16:00:32 IST" duration-ms="55684">
      <class name="Assignment1.AssignmentTest">
        <test-method is-config="true" signature="setUp()[pri:0, instance:Assignment1.AssignmentTest@313ac989]" started-at="2025-06-25T15:59:37 IST" name="setUp" finished-at="2025-06-25T15:59:42 IST" duration-ms="5510" status="PASS">
          <reporter-output>
          </reporter-output>
        </test-method> <!-- setUp -->
        <test-method signature="runAssignment()[pri:0, instance:Assignment1.AssignmentTest@313ac989]" started-at="2025-06-25T15:59:42 IST" name="runAssignment" finished-at="2025-06-25T16:00:32 IST" duration-ms="50014" status="PASS">
          <reporter-output>
          </reporter-output>
        </test-method> <!-- runAssignment -->
        <test-method is-config="true" signature="tearDown()[pri:0, instance:Assignment1.AssignmentTest@313ac989]" started-at="2025-06-25T16:00:32 IST" name="tearDown" finished-at="2025-06-25T16:00:32 IST" duration-ms="136" status="PASS">
          <reporter-output>
          </reporter-output>
        </test-method> <!-- tearDown -->
      </class> <!-- Assignment1.AssignmentTest -->
    </test> <!-- Default test -->
  </suite> <!-- Default suite -->
</testng-results>
